<?xml version="1.0" encoding="UTF-8"?>
<testsuite name="ru.stqa.pft.addressbook.tests.ContactCreationTests" tests="4" skipped="0" failures="0" errors="0" timestamp="2018-05-11T16:23:22" hostname="SOBYANINA" time="25.179">
  <properties/>
  <testcase name="testContactCreation[0](ContactData{firstname='Р�РјСЏ 0', lastname='Р¤Р°РјРёР»РёСЏ 0', photo=null})" classname="ru.stqa.pft.addressbook.tests.ContactCreationTests" time="8.735"/>
  <testcase name="testContactCreation[1](ContactData{firstname='Р�РјСЏ 1', lastname='Р¤Р°РјРёР»РёСЏ 1', photo=null})" classname="ru.stqa.pft.addressbook.tests.ContactCreationTests" time="5.089"/>
  <testcase name="testContactCreation[2](ContactData{firstname='Р�РјСЏ 2', lastname='Р¤Р°РјРёР»РёСЏ 2', photo=null})" classname="ru.stqa.pft.addressbook.tests.ContactCreationTests" time="5.679"/>
  <testcase name="testContactCreation[3](ContactData{firstname='Р�РјСЏ 3', lastname='Р¤Р°РјРёР»РёСЏ 3', photo=null})" classname="ru.stqa.pft.addressbook.tests.ContactCreationTests" time="5.676"/>
  <system-out><![CDATA[]]></system-out>
  <system-err><![CDATA[]]></system-err>
</testsuite>
